<?xml version="1.0" encoding="UTF-8"?>
<testsuite name="CinemaTests" tests="1" skipped="0" failures="0" errors="0" timestamp="2022-01-26T22:19:18" hostname="DESKTOP-ET034TC" time="7.384">
  <properties/>
  <testcase name="start" classname="CinemaTests" time="7.384"/>
  <system-out><![CDATA[?[1;31m
Start test 1?[0m

  .   ____          _            __ _ _
 /\\ / ___'_ __ _ _(_)_ __  __ _ \ \ \ \
( ( )\___ | '_ | '_| | '_ \/ _` | \ \ \ \
 \\/  ___)| |_)| | | | | || (_| |  ) ) ) )
  '  |____| .__|_| |_|_| |_\__, | / / / /
 =========|_|==============|___/=/_/_/_/
 :: Spring Boot ::                (v2.5.6)

2022-01-26 22:19:19.339  INFO 13952 --- [    Test worker] cinema.Main                              : Starting Main using Java 17.0.1 on DESKTOP-ET034TC with PID 13952 (started by Haedes in C:\Users\Haedes\IdeaProjects\Cinema Room REST Service\Cinema Room REST Service\task)
2022-01-26 22:19:19.346  INFO 13952 --- [    Test worker] cinema.Main                              : No active profile set, falling back to default profiles: default
2022-01-26 22:19:22.204  INFO 13952 --- [    Test worker] o.s.b.w.embedded.tomcat.TomcatWebServer  : Tomcat initialized with port(s): 28852 (http)
2022-01-26 22:19:22.236  INFO 13952 --- [    Test worker] o.apache.catalina.core.StandardService   : Starting service [Tomcat]
2022-01-26 22:19:22.237  INFO 13952 --- [    Test worker] org.apache.catalina.core.StandardEngine  : Starting Servlet engine: [Apache Tomcat/9.0.54]
2022-01-26 22:19:22.424  INFO 13952 --- [    Test worker] o.a.c.c.C.[Tomcat].[localhost].[/]       : Initializing Spring embedded WebApplicationContext
2022-01-26 22:19:22.424  INFO 13952 --- [    Test worker] w.s.c.ServletWebServerApplicationContext : Root WebApplicationContext: initialization completed in 2943 ms
2022-01-26 22:19:23.989  INFO 13952 --- [    Test worker] o.s.b.a.e.web.EndpointLinksResolver      : Exposing 14 endpoint(s) beneath base path '/actuator'
2022-01-26 22:19:24.067  INFO 13952 --- [    Test worker] o.s.b.w.embedded.tomcat.TomcatWebServer  : Tomcat started on port(s): 28852 (http) with context path ''
2022-01-26 22:19:24.092  INFO 13952 --- [    Test worker] cinema.Main                              : Started Main in 5.612 seconds (JVM running for 7.138)
2022-01-26 22:19:24.764  INFO 13952 --- [io-28852-exec-1] o.a.c.c.C.[Tomcat].[localhost].[/]       : Initializing Spring DispatcherServlet 'dispatcherServlet'
2022-01-26 22:19:24.764  INFO 13952 --- [io-28852-exec-1] o.s.web.servlet.DispatcherServlet        : Initializing Servlet 'dispatcherServlet'
2022-01-26 22:19:24.765  INFO 13952 --- [io-28852-exec-1] o.s.web.servlet.DispatcherServlet        : Completed initialization in 0 ms
?[1;31m
Start test 2?[0m
?[1;31m
Start test 3?[0m
?[1;31m
Start test 4?[0m
?[1;31m
Start test 5?[0m
?[1;31m
Start test 6?[0m
?[1;31m
Start test 7?[0m
?[1;31m
Start test 8?[0m
?[1;31m
Start test 9?[0m
?[1;31m
Start test 10?[0m
?[1;31m
Start test 11?[0m
?[1;31m
Start test 12?[0m
]]></system-out>
  <system-err><![CDATA[]]></system-err>
</testsuite>
